<?xml version="1.0" encoding="UTF-8"?>
<robot generator="Robot 5.0.1 (Python 3.10.5 on win32)" generated="20220902 12:14:32.068" rpa="false" schemaversion="3">
<suite id="s1" name="Rcbplayers" source="C:\Users\venkas46\PycharmProjects\RobotFramework\RCB\Rcbplayers.robot">
<test id="s1-t1" name="Test to validate that the team has only 4 foreign players" line="11">
<kw name="Get File" library="OperatingSystem">
<var>${file}</var>
<arg>TestData/rcbdata.json</arg>
<doc>Returns the contents of a specified file.</doc>
<msg timestamp="20220902 12:14:36.282" level="INFO" html="true">Getting file '&lt;a href="file://C:\Users\venkas46\PycharmProjects\RobotFramework\TestData\rcbdata.json"&gt;C:\Users\venkas46\PycharmProjects\RobotFramework\TestData\rcbdata.json&lt;/a&gt;'.</msg>
<msg timestamp="20220902 12:14:36.283" level="INFO">${file} = {
  "name": "Royal Challengers Bangalore",
  "location": "Bangalore",
  "player": [
    {
      "name": "Faf Du Plessis",
      "country": "South Africa",
      "role": "Batsman",
      "price-in-cror...</msg>
<status status="PASS" starttime="20220902 12:14:36.282" endtime="20220902 12:14:36.283"/>
</kw>
<kw name="Log To Console" library="BuiltIn">
<arg>${file}</arg>
<doc>Logs the given message to the console.</doc>
<status status="PASS" starttime="20220902 12:14:36.283" endtime="20220902 12:14:36.286"/>
</kw>
<kw name="Convert String To JSON" library="JSONLibrary">
<var>${json_data}</var>
<arg>${file}</arg>
<doc>Convert String to JSON object</doc>
<msg timestamp="20220902 12:14:36.287" level="INFO">${json_data} = {'name': 'Royal Challengers Bangalore', 'location': 'Bangalore', 'player': [{'name': 'Faf Du Plessis', 'country': 'South Africa', 'role': 'Batsman', 'price-in-crores': '7'}, {'name': 'Virat Kohli', 'c...</msg>
<status status="PASS" starttime="20220902 12:14:36.287" endtime="20220902 12:14:36.287"/>
</kw>
<kw name="Get Value From Json" library="JSONLibrary">
<var>${country}</var>
<arg>${json_data}</arg>
<arg>$..country</arg>
<doc>Get Value From JSON using JSONPath</doc>
<msg timestamp="20220902 12:14:36.349" level="INFO">${country} = ['South Africa', 'India', 'Australia', 'India', 'India', 'Srilanka', 'India', 'India', 'India', 'Australia', 'India']</msg>
<status status="PASS" starttime="20220902 12:14:36.288" endtime="20220902 12:14:36.349"/>
</kw>
<kw name="Get Length" library="BuiltIn">
<var>${total_players}</var>
<arg>${country}</arg>
<doc>Returns and logs the length of the given item as an integer.</doc>
<msg timestamp="20220902 12:14:36.350" level="INFO">Length is 11</msg>
<msg timestamp="20220902 12:14:36.350" level="INFO">${total_players} = 11</msg>
<status status="PASS" starttime="20220902 12:14:36.350" endtime="20220902 12:14:36.350"/>
</kw>
<kw name="Log To Console" library="BuiltIn">
<arg>there are ${total_players} players in team</arg>
<doc>Logs the given message to the console.</doc>
<status status="PASS" starttime="20220902 12:14:36.350" endtime="20220902 12:14:36.350"/>
</kw>
<kw name="Get Match Count" library="Collections">
<var>${size}</var>
<arg>${country}</arg>
<arg>India</arg>
<doc>Returns the count of matches to ``pattern`` in ``list``.</doc>
<msg timestamp="20220902 12:14:36.351" level="INFO">${size} = 7</msg>
<status status="PASS" starttime="20220902 12:14:36.350" endtime="20220902 12:14:36.351"/>
</kw>
<kw name="Log To Console" library="BuiltIn">
<arg>there are ${size} Indian players in the team</arg>
<doc>Logs the given message to the console.</doc>
<status status="PASS" starttime="20220902 12:14:36.351" endtime="20220902 12:14:36.351"/>
</kw>
<kw name="Evaluate" library="BuiltIn">
<var>${foreign_players}</var>
<arg>${total_players}-${size}</arg>
<doc>Evaluates the given expression in Python and returns the result.</doc>
<msg timestamp="20220902 12:14:36.352" level="INFO">${foreign_players} = 4</msg>
<status status="PASS" starttime="20220902 12:14:36.352" endtime="20220902 12:14:36.352"/>
</kw>
<kw name="Run Keyword If" library="BuiltIn">
<arg>${foreign_players}== 4</arg>
<arg>Test Keyword 1</arg>
<arg>ELSE IF</arg>
<arg>${foreign_players} &lt; 4</arg>
<arg>Test Keyword 2</arg>
<arg>ELSE</arg>
<arg>Test Keyword 3</arg>
<doc>Runs the given keyword with the given arguments, if ``condition`` is true.</doc>
<kw name="Test Keyword 1">
<kw name="Log To Console" library="BuiltIn">
<arg>Found 4 foreign players as expected</arg>
<doc>Logs the given message to the console.</doc>
<status status="PASS" starttime="20220902 12:14:36.353" endtime="20220902 12:14:36.353"/>
</kw>
<status status="PASS" starttime="20220902 12:14:36.353" endtime="20220902 12:14:36.353"/>
</kw>
<status status="PASS" starttime="20220902 12:14:36.353" endtime="20220902 12:14:36.353"/>
</kw>
<status status="PASS" starttime="20220902 12:14:36.281" endtime="20220902 12:14:36.353"/>
</test>
<test id="s1-t2" name="Test to validate there is atleast one wicket keeper" line="25">
<kw name="Get File" library="OperatingSystem">
<var>${input_data}</var>
<arg>TestData/rcbdata.json</arg>
<doc>Returns the contents of a specified file.</doc>
<msg timestamp="20220902 12:14:36.355" level="INFO" html="true">Getting file '&lt;a href="file://C:\Users\venkas46\PycharmProjects\RobotFramework\TestData\rcbdata.json"&gt;C:\Users\venkas46\PycharmProjects\RobotFramework\TestData\rcbdata.json&lt;/a&gt;'.</msg>
<msg timestamp="20220902 12:14:36.355" level="INFO">${input_data} = {
  "name": "Royal Challengers Bangalore",
  "location": "Bangalore",
  "player": [
    {
      "name": "Faf Du Plessis",
      "country": "South Africa",
      "role": "Batsman",
      "price-in-cror...</msg>
<status status="PASS" starttime="20220902 12:14:36.354" endtime="20220902 12:14:36.355"/>
</kw>
<kw name="Convert String To JSON" library="JSONLibrary">
<var>${json}</var>
<arg>${input_data}</arg>
<doc>Convert String to JSON object</doc>
<msg timestamp="20220902 12:14:36.356" level="INFO">${json} = {'name': 'Royal Challengers Bangalore', 'location': 'Bangalore', 'player': [{'name': 'Faf Du Plessis', 'country': 'South Africa', 'role': 'Batsman', 'price-in-crores': '7'}, {'name': 'Virat Kohli', 'c...</msg>
<status status="PASS" starttime="20220902 12:14:36.356" endtime="20220902 12:14:36.356"/>
</kw>
<kw name="Get Value From Json" library="JSONLibrary">
<var>${roles}</var>
<arg>${json}</arg>
<arg>$..role</arg>
<doc>Get Value From JSON using JSONPath</doc>
<msg timestamp="20220902 12:14:36.376" level="INFO">${roles} = ['Batsman', 'Batsman', 'Batsman', 'Bowler', 'Bowler', 'Bowler', 'Wicket-keeper', 'All-Rounder', 'Batsman', 'Bowler', 'Bowler']</msg>
<status status="PASS" starttime="20220902 12:14:36.356" endtime="20220902 12:14:36.376"/>
</kw>
<kw name="Get Match Count" library="Collections">
<var>${wicket_keeper}</var>
<arg>${roles}</arg>
<arg>Wicket-keeper</arg>
<doc>Returns the count of matches to ``pattern`` in ``list``.</doc>
<msg timestamp="20220902 12:14:36.377" level="INFO">${wicket_keeper} = 1</msg>
<status status="PASS" starttime="20220902 12:14:36.376" endtime="20220902 12:14:36.377"/>
</kw>
<kw name="Run Keyword If" library="BuiltIn">
<arg>${wicket_keeper}== 1</arg>
<arg>Test Keyword 4</arg>
<arg>ELSE IF</arg>
<arg>${wicket_keeper} &lt; 1</arg>
<arg>Test Keyword 5</arg>
<arg>ELSE</arg>
<arg>Test Keyword 6</arg>
<doc>Runs the given keyword with the given arguments, if ``condition`` is true.</doc>
<kw name="Test Keyword 4">
<kw name="Log To Console" library="BuiltIn">
<arg>Found one wicket keeper as expected</arg>
<doc>Logs the given message to the console.</doc>
<status status="PASS" starttime="20220902 12:14:36.377" endtime="20220902 12:14:36.377"/>
</kw>
<status status="PASS" starttime="20220902 12:14:36.377" endtime="20220902 12:14:36.378"/>
</kw>
<status status="PASS" starttime="20220902 12:14:36.377" endtime="20220902 12:14:36.378"/>
</kw>
<status status="PASS" starttime="20220902 12:14:36.354" endtime="20220902 12:14:36.378"/>
</test>
<doc>Suite description</doc>
<status status="PASS" starttime="20220902 12:14:32.073" endtime="20220902 12:14:36.378"/>
</suite>
<statistics>
<total>
<stat pass="2" fail="0" skip="0">All Tests</stat>
</total>
<tag>
</tag>
<suite>
<stat pass="2" fail="0" skip="0" id="s1" name="Rcbplayers">Rcbplayers</stat>
</suite>
</statistics>
<errors>
</errors>
</robot>
